Determining if the pthread_create exist failed with the following output:
Change Dir: /home/vlad/husky_driver/build/CMakeFiles/CMakeTmp

Run Build Command:"/usr/bin/make" "cmTC_64a37/fast"
/usr/bin/make -f CMakeFiles/cmTC_64a37.dir/build.make CMakeFiles/cmTC_64a37.dir/build
make[1]: вход в каталог «/home/vlad/husky_driver/build/CMakeFiles/CMakeTmp»
Building C object CMakeFiles/cmTC_64a37.dir/CheckSymbolExists.c.o
/usr/bin/cc    -o CMakeFiles/cmTC_64a37.dir/CheckSymbolExists.c.o   -c /home/vlad/husky_driver/build/CMakeFiles/CMakeTmp/CheckSymbolExists.c
Linking C executable cmTC_64a37
/usr/bin/cmake -E cmake_link_script CMakeFiles/cmTC_64a37.dir/link.txt --verbose=1
/usr/bin/cc      -rdynamic CMakeFiles/cmTC_64a37.dir/CheckSymbolExists.c.o  -o cmTC_64a37 
CMakeFiles/cmTC_64a37.dir/CheckSymbolExists.c.o: In function `main':
CheckSymbolExists.c:(.text+0x1b): undefined reference to `pthread_create'
collect2: error: ld returned 1 exit status
CMakeFiles/cmTC_64a37.dir/build.make:97: recipe for target 'cmTC_64a37' failed
make[1]: *** [cmTC_64a37] Error 1
make[1]: выход из каталога «/home/vlad/husky_driver/build/CMakeFiles/CMakeTmp»
Makefile:126: recipe for target 'cmTC_64a37/fast' failed
make: *** [cmTC_64a37/fast] Error 2

File /home/vlad/husky_driver/build/CMakeFiles/CMakeTmp/CheckSymbolExists.c:
/* */
#include <pthread.h>

int main(int argc, char** argv)
{
  (void)argv;
#ifndef pthread_create
  return ((int*)(&pthread_create))[argc];
#else
  (void)argc;
  return 0;
#endif
}

Determining if the function pthread_create exists in the pthreads failed with the following output:
Change Dir: /home/vlad/husky_driver/build/CMakeFiles/CMakeTmp

Run Build Command:"/usr/bin/make" "cmTC_75fa9/fast"
/usr/bin/make -f CMakeFiles/cmTC_75fa9.dir/build.make CMakeFiles/cmTC_75fa9.dir/build
make[1]: вход в каталог «/home/vlad/husky_driver/build/CMakeFiles/CMakeTmp»
Building C object CMakeFiles/cmTC_75fa9.dir/CheckFunctionExists.c.o
/usr/bin/cc   -DCHECK_FUNCTION_EXISTS=pthread_create   -o CMakeFiles/cmTC_75fa9.dir/CheckFunctionExists.c.o   -c /usr/share/cmake-3.10/Modules/CheckFunctionExists.c
Linking C executable cmTC_75fa9
/usr/bin/cmake -E cmake_link_script CMakeFiles/cmTC_75fa9.dir/link.txt --verbose=1
/usr/bin/cc  -DCHECK_FUNCTION_EXISTS=pthread_create    -rdynamic CMakeFiles/cmTC_75fa9.dir/CheckFunctionExists.c.o  -o cmTC_75fa9 -lpthreads 
/usr/bin/ld: cannot find -lpthreads
collect2: error: ld returned 1 exit status
CMakeFiles/cmTC_75fa9.dir/build.make:97: recipe for target 'cmTC_75fa9' failed
make[1]: *** [cmTC_75fa9] Error 1
make[1]: выход из каталога «/home/vlad/husky_driver/build/CMakeFiles/CMakeTmp»
Makefile:126: recipe for target 'cmTC_75fa9/fast' failed
make: *** [cmTC_75fa9/fast] Error 2


